2025-04-29 11:48:05,932 - BasePage - INFO - 已找到了元素 input, xpath 定位成功  元素属性为: //*[@id="kw"] 
2025-04-29 11:48:06,313 - BasePage - INFO - 元素 input 被点击.
2025-04-29 11:48:06,324 - BasePage - INFO - 已找到了元素 input, xpath 定位成功  元素属性为: //*[@id="kw"] 
2025-04-29 11:48:06,429 - BasePage - INFO - 内容: '原神'  输入成功
2025-04-29 11:48:06,455 - BasePage - INFO - 已找到了元素 input, xpath 定位成功  元素属性为: //*[@id="su"] 
2025-04-29 11:48:06,596 - BasePage - INFO - 元素 input 被点击.
2025-04-29 11:48:08,283 - BasePage - INFO - 已找到了元素 div, xpath 定位成功  元素属性为: //*[@id="content_left"]/div 
2025-04-29 11:48:08,323 - BasePage - INFO - 文本内容为：《原神》全新世界区域——纳塔开放!
纳塔是人与龙共同生活的国度.你可能已经听说过这种说法了,但百闻终不如一见.
原神 2025-04广告
2.3版本潮声庆典开启,海量周年限定豪礼/活动开启
「赞妮」登场,自选共鸣者定向唤取开启,独家庆典福利赢10000Q币、5080显卡周年特别玩法·首充双倍重置·自选共鸣者唤取!5月23日登录领限定十连&纪念头像
深圳市腾讯计算机系统 2025-04广告
2025-04-29 11:48:11,043 - BasePage - INFO - 已截取屏幕截图并保存到文件夹 :D:\RobotAutoTest/screenshots/baidu_queryWorld下
2025-04-29 11:48:11,419 - BasePage - INFO - 已找到了元素 input, xpath 定位成功  元素属性为: //*[@id="kw"] 
2025-04-29 11:48:11,489 - BasePage - INFO - 元素 input 被点击.
2025-04-29 11:48:11,503 - BasePage - INFO - 已找到了元素 input, xpath 定位成功  元素属性为: //*[@id="kw"] 
2025-04-29 11:48:11,597 - BasePage - INFO - 内容: '鸣潮'  输入成功
2025-04-29 11:48:11,613 - BasePage - INFO - 已找到了元素 input, xpath 定位成功  元素属性为: //*[@id="su"] 
2025-04-29 11:48:11,729 - BasePage - INFO - 元素 input 被点击.
2025-04-29 11:48:13,073 - BasePage - INFO - 已找到了元素 div, xpath 定位成功  元素属性为: //*[@id="content_left"]/div 
2025-04-29 11:48:13,102 - BasePage - INFO - 文本内容为：鸣潮更新-全新版本-点击进入
参与全新"团子"玩法,赢取星声&限定10连!全新五星限定共鸣者:[赞妮]登场!登场!
七日签到活动:“团圆”赠礼
游戏名称:《鸣潮》
盛会赠礼:领限定10连
全新地图玩法:浸梦海床
广州库洛科技有限公司 2025-04广告
2025-04-29 11:48:15,784 - BasePage - INFO - 已截取屏幕截图并保存到文件夹 :D:\RobotAutoTest/screenshots/baidu_queryWorld下
2025-04-29 11:48:16,104 - BasePage - INFO - 已找到了元素 input, xpath 定位成功  元素属性为: //*[@id="kw"] 
2025-04-29 11:48:16,161 - BasePage - INFO - 元素 input 被点击.
2025-04-29 11:48:16,173 - BasePage - INFO - 已找到了元素 input, xpath 定位成功  元素属性为: //*[@id="kw"] 
2025-04-29 11:48:16,247 - BasePage - INFO - 内容: '星穹铁道'  输入成功
2025-04-29 11:48:16,260 - BasePage - INFO - 已找到了元素 input, xpath 定位成功  元素属性为: //*[@id="su"] 
2025-04-29 11:48:16,311 - BasePage - INFO - 元素 input 被点击.
2025-04-29 11:48:17,568 - BasePage - INFO - 已找到了元素 div, xpath 定位成功  元素属性为: //*[@id="content_left"]/div 
2025-04-29 11:48:17,596 - BasePage - INFO - 文本内容为：《崩坏：星穹铁道》全新3.2版本上线！ 官方
"往者一生忽忽，来者一夜漫漫——迷途的人啊，请横渡那片无人航行过的冥河，请走进那片安提灵盛开的花丛。 亲爱的开拓者：欢迎来到3.2版本「走过安眠地的花丛」！ 你将探索新的文明，结识新的伙伴，在无数光怪陆离的「世界」与「世界」之间展开冒险。所有你想知道的，都将在群星中找到答案。"
米哈游银河冒险策略游戏
全实机剧情演出，高沉浸冒险体验
立即下载
网页试玩
进入官网
https://sr.mihoyo.com/ad  品牌广告
2025-04-29 11:48:20,491 - BasePage - INFO - 已截取屏幕截图并保存到文件夹 :D:\RobotAutoTest/screenshots/baidu_queryWorld下
2025-04-29 11:48:20,854 - BasePage - INFO - 已找到了元素 input, xpath 定位成功  元素属性为: //*[@id="kw"] 
2025-04-29 11:48:20,911 - BasePage - INFO - 元素 input 被点击.
2025-04-29 11:48:20,921 - BasePage - INFO - 已找到了元素 input, xpath 定位成功  元素属性为: //*[@id="kw"] 
2025-04-29 11:48:20,991 - BasePage - INFO - 内容: '率土之滨'  输入成功
2025-04-29 11:48:21,005 - BasePage - INFO - 已找到了元素 input, xpath 定位成功  元素属性为: //*[@id="su"] 
2025-04-29 11:48:21,060 - BasePage - INFO - 元素 input 被点击.
2025-04-29 11:48:22,241 - BasePage - INFO - 已找到了元素 div, xpath 定位成功  元素属性为: //*[@id="content_left"]/div 
2025-04-29 11:48:22,295 - BasePage - INFO - 文本内容为：普天之下，莫非王土(《诗经·小雅·谷风之... - 百度百科
出自《诗经·小雅·谷风之什·北山》，“溥天之下，莫非王土，率土之滨，莫非王臣”。解释为整句话意思是：普天之下，皆是王土，四海之内，皆是王臣。大夫失职，行事不公；以我为贤，却派遣...详情
读音
释义
出处
示例
百度百科
2025-04-29 11:48:25,263 - BasePage - INFO - 已截取屏幕截图并保存到文件夹 :D:\RobotAutoTest/screenshots/baidu_queryWorld下
2025-04-29 11:48:26,270 - BasePage - INFO - 已找到了元素 input, xpath 定位成功  元素属性为: //*[@id="kw"] 
2025-04-29 11:48:26,322 - BasePage - INFO - 元素 input 被点击.
2025-04-29 11:48:26,333 - BasePage - INFO - 已找到了元素 input, xpath 定位成功  元素属性为: //*[@id="kw"] 
2025-04-29 11:48:26,399 - BasePage - INFO - 内容: '中国'  输入成功
2025-04-29 11:48:26,413 - BasePage - INFO - 已找到了元素 input, xpath 定位成功  元素属性为: //*[@id="su"] 
2025-04-29 11:48:26,484 - BasePage - INFO - 元素 input 被点击.
2025-04-29 11:48:27,686 - BasePage - INFO - 已找到了元素 div, xpath 定位成功  元素属性为: //*[@id="content_left"]/div 
2025-04-29 11:48:27,725 - BasePage - INFO - 文本内容为：中国

百度百科
中华人民共和国（the People's Republic of China），简称“中国”，成立于1949年10月1日，位于亚洲东部，太平洋西岸，是工人阶级领导的、以工农联盟为基础的人民民主专政的社会主义国家，以五星红旗为国旗、《义勇军进行曲》为国歌，国徽中间是五星照耀下的天安门，周围是谷穗和齿轮，通用语言文字是普通话和规范汉字，首都北京，是一个以汉族为主体、56个民族共同组成的统一的多民族国家。中国陆地面积约960万平方千米，东部和南部大陆海岸线1.8万多千米，海域总面积约473万平方千米。海域分布有大小岛屿7600多个，其中台湾岛最大，面积35759平方千米。中国同14国接壤，与8国海上相邻。省级行政区划为23个省、5个自治区、4个直辖市、2个特别行政区。中国是世界上历史最悠久的国家之一，有着光辉灿烂的文化和光荣的革命传统，世界遗产数量全球领先。1949年新中国成立后，进入社会主义革命和建设时期，1956年实现向社会主义过渡，此后社会主义建设在探索中曲折发展。“文化大革命”结束后实行改革开放，沿着中国特色社会主义道路，集中力量进行社会主义现代化建设。经过长期努力，中国特色社会主义进入了新时代。中国是世界上人口最多的发展中国家，国土面积居世界第三位，是世界第二大经济体，并持续成为世界经济增长最大的贡献者，2020年经济总量突破100万亿元。中国坚持独立自主的和平外交政策，是联合国安全理事会常任理事国，也是许多国际组织的重要成员，被认为是潜在超级大国之一。
攻略
签证
机票
酒店
2025-04-29 11:48:30,473 - BasePage - INFO - 已截取屏幕截图并保存到文件夹 :D:\RobotAutoTest/screenshots/baidu_queryWorld下
